Unity Editor version:    2021.3.4f1 (cb45f9cae8b7)
Branch:                  2021.3/staging
Build type:              Release
Batch mode:              YES
macOS version:           Version 12.6 (Build 21G115)
Darwin version:          21.6.0
Architecture:            x86_64
Running under Rosetta:   NO
Available memory:        16384 MB
Using pre-set license
Pro License: YES

COMMAND LINE ARGUMENTS:
/Applications/Unity/Hub/Editor/2021.3.4f1/Unity.app/Contents/MacOS/Unity
-adb2
-batchMode
-noUpm
-name
AssetImportWorker0
-projectPath
/Users/solymarsanchez/Holberton/holbertonschool-unity/0x06-unity-assets_ui
-logFile
Logs/AssetImportWorker0.log
-srvPort
50262
Successfully changed project path to: /Users/solymarsanchez/Holberton/holbertonschool-unity/0x06-unity-assets_ui
/Users/solymarsanchez/Holberton/holbertonschool-unity/0x06-unity-assets_ui
[UnityMemory] Configuration Parameters - Can be set up in boot.config
    "memorysetup-bucket-allocator-granularity=16"
    "memorysetup-bucket-allocator-bucket-count=8"
    "memorysetup-bucket-allocator-block-size=33554432"
    "memorysetup-bucket-allocator-block-count=8"
    "memorysetup-main-allocator-block-size=16777216"
    "memorysetup-thread-allocator-block-size=16777216"
    "memorysetup-gfx-main-allocator-block-size=16777216"
    "memorysetup-gfx-thread-allocator-block-size=16777216"
    "memorysetup-cache-allocator-block-size=4194304"
    "memorysetup-typetree-allocator-block-size=2097152"
    "memorysetup-profiler-bucket-allocator-granularity=16"
    "memorysetup-profiler-bucket-allocator-bucket-count=8"
    "memorysetup-profiler-bucket-allocator-block-size=33554432"
    "memorysetup-profiler-bucket-allocator-block-count=8"
    "memorysetup-profiler-allocator-block-size=16777216"
    "memorysetup-profiler-editor-allocator-block-size=1048576"
    "memorysetup-temp-allocator-size-main=16777216"
    "memorysetup-job-temp-allocator-block-size=2097152"
    "memorysetup-job-temp-allocator-block-size-background=1048576"
    "memorysetup-job-temp-allocator-reduction-small-platforms=262144"
    "memorysetup-temp-allocator-size-background-worker=32768"
    "memorysetup-temp-allocator-size-job-worker=262144"
    "memorysetup-temp-allocator-size-preload-manager=33554432"
    "memorysetup-temp-allocator-size-nav-mesh-worker=65536"
    "memorysetup-temp-allocator-size-audio-worker=65536"
    "memorysetup-temp-allocator-size-cloud-worker=32768"
    "memorysetup-temp-allocator-size-gi-baking-worker=262144"
    "memorysetup-temp-allocator-size-gfx=262144"
Refreshing native plugins compatible for Editor in 100.25 ms, found 2 plugins.
Preloading 0 native plugins for Editor in 0.00 ms.
Initialize engine version: 2021.3.4f1 (cb45f9cae8b7)
[Subsystems] Discovering subsystems at path /Applications/Unity/Hub/Editor/2021.3.4f1/Unity.app/Contents/Resources/UnitySubsystems
[Subsystems] Discovering subsystems at path /Users/solymarsanchez/Holberton/holbertonschool-unity/0x06-unity-assets_ui/Assets
GfxDevice: creating device client; threaded=0; jobified=0
Color LCD preferred device: Intel(R) HD Graphics 630 (low power)
Metal devices available: 2
0: AMD Radeon Pro 560 (high power)
1: Intel(R) HD Graphics 630 (low power)
Using device AMD Radeon Pro 560 (high power)
Initializing Metal device caps: AMD Radeon Pro 560
Initialize mono
Mono path[0] = '/Applications/Unity/Hub/Editor/2021.3.4f1/Unity.app/Contents/Managed'
Mono path[1] = '/Applications/Unity/Hub/Editor/2021.3.4f1/Unity.app/Contents/MonoBleedingEdge/lib/mono/unityjit-macos'
Mono config path = '/Applications/Unity/Hub/Editor/2021.3.4f1/Unity.app/Contents/MonoBleedingEdge/etc'
Using monoOptions --debugger-agent=transport=dt_socket,embedding=1,server=y,suspend=n,address=127.0.0.1:56270
Begin MonoManager ReloadAssembly
Registering precompiled unity dll's ...
Register platform support module: /Applications/Unity/Hub/Editor/2021.3.4f1/Unity.app/Contents/PlaybackEngines/MacStandaloneSupport/UnityEditor.OSXStandalone.Extensions.dll
Register platform support module: /Applications/Unity/Hub/Editor/2021.3.4f1/PlaybackEngines/WindowsStandaloneSupport/UnityEditor.WindowsStandalone.Extensions.dll
Registered in 0.001005 seconds.
Native extension for WindowsStandalone target not found
Native extension for OSXStandalone target not found
Refreshing native plugins compatible for Editor in 100.45 ms, found 2 plugins.
Preloading 0 native plugins for Editor in 0.00 ms.
Mono: successfully reloaded assembly
- Completed reload, in  0.846 seconds
Domain Reload Profiling:
	ReloadAssembly (847ms)
		BeginReloadAssembly (72ms)
			ExecutionOrderSort (0ms)
			DisableScriptedObjects (0ms)
			BackupInstance (0ms)
			ReleaseScriptingObjects (0ms)
			CreateAndSetChildDomain (1ms)
		EndReloadAssembly (632ms)
			LoadAssemblies (71ms)
			RebuildTransferFunctionScriptingTraits (0ms)
			SetupTypeCache (153ms)
			ReleaseScriptCaches (0ms)
			RebuildScriptCaches (39ms)
			SetupLoadedEditorAssemblies (381ms)
				LogAssemblyErrors (0ms)
				InitializePlatformSupportModulesInManaged (9ms)
				SetLoadedEditorAssemblies (0ms)
				RefreshPlugins (100ms)
				BeforeProcessingInitializeOnLoad (2ms)
				ProcessInitializeOnLoadAttributes (212ms)
				ProcessInitializeOnLoadMethodAttributes (58ms)
				AfterProcessingInitializeOnLoad (0ms)
				EditorAssembliesLoaded (0ms)
			ExecutionOrderSort2 (0ms)
			AwakeInstancesAfterBackupRestoration (0ms)
Platform modules already initialized, skipping
Registering precompiled user dll's ...
Registered in 0.002333 seconds.
Begin MonoManager ReloadAssembly
Symbol file LoadedFromMemory doesn't match image /Users/solymarsanchez/Holberton/holbertonschool-unity/0x06-unity-assets_ui/Library/PackageCache/com.unity.visualscripting@1.7.8/Editor/VisualScripting.Core/Dependencies/YamlDotNet/Unity.VisualScripting.YamlDotNet.dll
Symbol file LoadedFromMemory doesn't match image /Users/solymarsanchez/Holberton/holbertonschool-unity/0x06-unity-assets_ui/Library/PackageCache/com.unity.visualscripting@1.7.8/Editor/VisualScripting.Core/Dependencies/DotNetZip/Unity.VisualScripting.IonicZip.dll
Native extension for WindowsStandalone target not found
Native extension for OSXStandalone target not found
Refreshing native plugins compatible for Editor in 0.63 ms, found 2 plugins.
Preloading 0 native plugins for Editor in 0.00 ms.
Mono: successfully reloaded assembly
- Completed reload, in  1.367 seconds
Domain Reload Profiling:
	ReloadAssembly (1368ms)
		BeginReloadAssembly (130ms)
			ExecutionOrderSort (0ms)
			DisableScriptedObjects (8ms)
			BackupInstance (0ms)
			ReleaseScriptingObjects (0ms)
			CreateAndSetChildDomain (29ms)
		EndReloadAssembly (1081ms)
			LoadAssemblies (82ms)
			RebuildTransferFunctionScriptingTraits (0ms)
			SetupTypeCache (373ms)
			ReleaseScriptCaches (1ms)
			RebuildScriptCaches (69ms)
			SetupLoadedEditorAssemblies (502ms)
				LogAssemblyErrors (0ms)
				InitializePlatformSupportModulesInManaged (6ms)
				SetLoadedEditorAssemblies (1ms)
				RefreshPlugins (1ms)
				BeforeProcessingInitializeOnLoad (101ms)
				ProcessInitializeOnLoadAttributes (356ms)
				ProcessInitializeOnLoadMethodAttributes (36ms)
				AfterProcessingInitializeOnLoad (2ms)
				EditorAssembliesLoaded (0ms)
			ExecutionOrderSort2 (0ms)
			AwakeInstancesAfterBackupRestoration (5ms)
Platform modules already initialized, skipping
========================================================================
Worker process is ready to serve import requests
Launching external process: /Applications/Unity/Hub/Editor/2021.3.4f1/Unity.app/Contents/Tools/UnityShaderCompiler
Launched and connected shader compiler UnityShaderCompiler after 0.08 seconds
Refreshing native plugins compatible for Editor in 0.80 ms, found 2 plugins.
Preloading 0 native plugins for Editor in 0.00 ms.
Unloading 3390 Unused Serialized files (Serialized files now loaded: 0)
Unloading 27 unused Assets / (105.7 KB). Loaded Objects now: 3864.
Memory consumption went from 246.0 MB to 245.9 MB.
Total: 4.649046 ms (FindLiveObjects: 0.504138 ms CreateObjectMapping: 0.352310 ms MarkObjects: 3.651191 ms  DeleteObjects: 0.139591 ms)

AssetImportParameters requested are different than current active one (requested -> active):
  custom:video-decoder-ogg-theora: a1e56fd34408186e4bbccfd4996cb3dc -> 
  custom:container-muxer-webm: aa71ff27fc2769a1b78a27578f13a17b -> 
  custom:container-demuxer-webm: 4f35f7cbe854078d1ac9338744f61a02 -> 
  custom:video-encoder-webm-vp8: eb34c28f22e8b96e1ab97ce403110664 -> 
  custom:framework-osx-AVFoundation: e770b220cccbd017edd2c1fefb359320 -> 
  custom:audio-encoder-webm-vorbis: bf7c407c2cedff20999df2af8eb42d56 -> 
  custom:container-demuxer-ogg: 62fdf1f143b41e24485cea50d1cbac27 -> 
  custom:video-decoder-webm-vp8: 9c59270c3fd7afecdb556c50c9e8de78 -> 
  custom:audio-decoder-ogg-vorbis: bf7c407c2cedff20999df2af8eb42d56 -> 
========================================================================
Received Import Request.
  Time since last request: 9933.535884 seconds.
  path: Assets/Fonts/Changa-SemiBold.ttf
  artifactKey: Guid(7b1420c4bea0449ed95df3d8e63e59d0) Importer(815301076,1909f56bfc062723c751e8b465ee728b)
Start importing Assets/Fonts/Changa-SemiBold.ttf using Guid(7b1420c4bea0449ed95df3d8e63e59d0) Importer(815301076,1909f56bfc062723c751e8b465ee728b)  -> (artifact id: '2e2f2105dbb78978b85084d022a4077e') in 1.706808 seconds 
========================================================================
Received Import Request.
  Time since last request: 0.000081 seconds.
  path: Assets/Fonts/Changa-ExtraLight.ttf
  artifactKey: Guid(2f5edc4cb6b96474a98430322299001a) Importer(815301076,1909f56bfc062723c751e8b465ee728b)
Start importing Assets/Fonts/Changa-ExtraLight.ttf using Guid(2f5edc4cb6b96474a98430322299001a) Importer(815301076,1909f56bfc062723c751e8b465ee728b)  -> (artifact id: '4bbe0c1c1fd8b2d0ea7c5ad660a4ed85') in 0.029860 seconds 
========================================================================
Received Import Request.
  Time since last request: 0.000121 seconds.
  path: Assets/Fonts/Changa-Medium.ttf
  artifactKey: Guid(00a793f3e85ed4405bc8b32deb99d921) Importer(815301076,1909f56bfc062723c751e8b465ee728b)
Start importing Assets/Fonts/Changa-Medium.ttf using Guid(00a793f3e85ed4405bc8b32deb99d921) Importer(815301076,1909f56bfc062723c751e8b465ee728b)  -> (artifact id: '4837d621a258fdd80158de049fbb7619') in 0.019121 seconds 
========================================================================
Received Import Request.
  Time since last request: 0.000106 seconds.
  path: Assets/Fonts/Changa-Regular.ttf
  artifactKey: Guid(5e8b4a7f2903b463d9afafcaa37c9738) Importer(815301076,1909f56bfc062723c751e8b465ee728b)
Start importing Assets/Fonts/Changa-Regular.ttf using Guid(5e8b4a7f2903b463d9afafcaa37c9738) Importer(815301076,1909f56bfc062723c751e8b465ee728b)  -> (artifact id: 'c9fda1163f787d889c735d5a2cb5d979') in 0.015191 seconds 
========================================================================
Received Import Request.
  Time since last request: 11.805654 seconds.
  path: Assets/Fonts/Changa
  artifactKey: Guid(a690bcbe11a06402b99190b2b7bfa882) Importer(815301076,1909f56bfc062723c751e8b465ee728b)
Start importing Assets/Fonts/Changa using Guid(a690bcbe11a06402b99190b2b7bfa882) Importer(815301076,1909f56bfc062723c751e8b465ee728b)  -> (artifact id: 'ff6f9ef63ea40317f8e8b2fe21ca2cb5') in 0.002838 seconds 
========================================================================
Received Import Request.
  Time since last request: 44.977488 seconds.
  path: Assets/Textures/UI
  artifactKey: Guid(6303be9177ca5407e808269966edd821) Importer(815301076,1909f56bfc062723c751e8b465ee728b)
Start importing Assets/Textures/UI using Guid(6303be9177ca5407e808269966edd821) Importer(815301076,1909f56bfc062723c751e8b465ee728b)  -> (artifact id: 'c0fb07f49e70b11dc7fc33492ecc00a9') in 0.002674 seconds 
========================================================================
Received Import Request.
  Time since last request: 191.132606 seconds.
  path: Assets/Textures/UI/sound-mute.png
  artifactKey: Guid(89385f40657104ae6a063d0bdc51cd71) Importer(815301076,1909f56bfc062723c751e8b465ee728b)
Start importing Assets/Textures/UI/sound-mute.png using Guid(89385f40657104ae6a063d0bdc51cd71) Importer(815301076,1909f56bfc062723c751e8b465ee728b)  -> (artifact id: '69baebee52520fe66fc2c851501e65d2') in 0.836180 seconds 
========================================================================
Received Import Request.
  Time since last request: 0.000081 seconds.
  path: Assets/Textures/UI/check-toggle.png
  artifactKey: Guid(f71697a047b7b45e980f1dbb52707aba) Importer(815301076,1909f56bfc062723c751e8b465ee728b)
Start importing Assets/Textures/UI/check-toggle.png using Guid(f71697a047b7b45e980f1dbb52707aba) Importer(815301076,1909f56bfc062723c751e8b465ee728b)  -> (artifact id: 'f475362c3db92de29a2fb1beaa00f43b') in 0.024889 seconds 
========================================================================
Received Import Request.
  Time since last request: 0.000095 seconds.
  path: Assets/Textures/UI/button-level01.png
  artifactKey: Guid(6b1b7e90eea91468bb24c4319d011e6c) Importer(815301076,1909f56bfc062723c751e8b465ee728b)
Start importing Assets/Textures/UI/button-level01.png using Guid(6b1b7e90eea91468bb24c4319d011e6c) Importer(815301076,1909f56bfc062723c751e8b465ee728b)  -> (artifact id: 'da57fbbd786e600f46ec0631afb298d0') in 0.018986 seconds 
========================================================================
Received Import Request.
  Time since last request: 0.000123 seconds.
  path: Assets/Textures/UI/button-level03.png
  artifactKey: Guid(e74a67fab8b654803826bbf2a6cf3528) Importer(815301076,1909f56bfc062723c751e8b465ee728b)
Start importing Assets/Textures/UI/button-level03.png using Guid(e74a67fab8b654803826bbf2a6cf3528) Importer(815301076,1909f56bfc062723c751e8b465ee728b)  -> (artifact id: '463713d54d6703ca81384066787edc12') in 0.011825 seconds 
========================================================================
Received Import Request.
  Time since last request: 0.000084 seconds.
  path: Assets/Textures/UI/bg-header.png
  artifactKey: Guid(06e0e2fb63a504c918c322e0afaf1e8f) Importer(815301076,1909f56bfc062723c751e8b465ee728b)
Start importing Assets/Textures/UI/bg-header.png using Guid(06e0e2fb63a504c918c322e0afaf1e8f) Importer(815301076,1909f56bfc062723c751e8b465ee728b)  -> (artifact id: 'a14583bc2b72ca91664a25dca812466a') in 0.007813 seconds 
========================================================================
Received Import Request.
  Time since last request: 22.621527 seconds.
  path: Assets/Textures/UI/bg-toggle.png
  artifactKey: Guid(79c630179147c4b9d86ecbb8cfd293f0) Importer(815301076,1909f56bfc062723c751e8b465ee728b)
Start importing Assets/Textures/UI/bg-toggle.png using Guid(79c630179147c4b9d86ecbb8cfd293f0) Importer(815301076,1909f56bfc062723c751e8b465ee728b)  -> (artifact id: '823ef858145743a934a4cdef7bd9ee93') in 0.100559 seconds 
========================================================================
Received Import Request.
  Time since last request: 0.039609 seconds.
  path: Assets/Textures/UI/bg-button.png
  artifactKey: Guid(6b5872a7d3d654618bb382e96ab77585) Importer(815301076,1909f56bfc062723c751e8b465ee728b)
Start importing Assets/Textures/UI/bg-button.png using Guid(6b5872a7d3d654618bb382e96ab77585) Importer(815301076,1909f56bfc062723c751e8b465ee728b)  -> (artifact id: '7b9d77ada0110f34db3aa1c0710a8f25') in 0.032051 seconds 
========================================================================
Received Import Request.
  Time since last request: 0.000121 seconds.
  path: Assets/Textures/UI/bg-menu.png
  artifactKey: Guid(33838eb90524d4aa9b9f9fae3f22c0d5) Importer(815301076,1909f56bfc062723c751e8b465ee728b)
Start importing Assets/Textures/UI/bg-menu.png using Guid(33838eb90524d4aa9b9f9fae3f22c0d5) Importer(815301076,1909f56bfc062723c751e8b465ee728b)  -> (artifact id: '6f8a10b258d0407cf97c4ec35dfa670c') in 0.018167 seconds 
========================================================================
Received Import Request.
  Time since last request: 0.000086 seconds.
  path: Assets/Textures/UI/slider-handle.png
  artifactKey: Guid(f244f483882274735a39e9782a022cc9) Importer(815301076,1909f56bfc062723c751e8b465ee728b)
Start importing Assets/Textures/UI/slider-handle.png using Guid(f244f483882274735a39e9782a022cc9) Importer(815301076,1909f56bfc062723c751e8b465ee728b)  -> (artifact id: 'c647d5bf7f8fbe4b0ee2f21d7fe33752') in 0.016277 seconds 
========================================================================
Received Import Request.
  Time since last request: 0.000065 seconds.
  path: Assets/Textures/UI/sound-mute.png
  artifactKey: Guid(89385f40657104ae6a063d0bdc51cd71) Importer(815301076,1909f56bfc062723c751e8b465ee728b)
Start importing Assets/Textures/UI/sound-mute.png using Guid(89385f40657104ae6a063d0bdc51cd71) Importer(815301076,1909f56bfc062723c751e8b465ee728b)  -> (artifact id: '95294c68e3b9b713d80e8d77fdfea0e1') in 0.022216 seconds 
========================================================================
Received Import Request.
  Time since last request: 0.000075 seconds.
  path: Assets/Textures/UI/button-level03.png
  artifactKey: Guid(e74a67fab8b654803826bbf2a6cf3528) Importer(815301076,1909f56bfc062723c751e8b465ee728b)
Start importing Assets/Textures/UI/button-level03.png using Guid(e74a67fab8b654803826bbf2a6cf3528) Importer(815301076,1909f56bfc062723c751e8b465ee728b)  -> (artifact id: '7067a70b6e3ba8aecb633d4b7e35167a') in 0.095536 seconds 
